Determining if the pthread_create exist failed with the following output:
Change Dir: /project/cookiejar/cxxprocessor/build/CMakeFiles/CMakeTmp

Run Build Command:"/usr/bin/make" "cmTC_2271b/fast"
/usr/bin/make -f CMakeFiles/cmTC_2271b.dir/build.make CMakeFiles/cmTC_2271b.dir/build
make[1]: Entering directory '/project/cookiejar/cxxprocessor/build/CMakeFiles/CMakeTmp'
Building CXX object CMakeFiles/cmTC_2271b.dir/CheckSymbolExists.cxx.o
/usr/bin/c++      -o CMakeFiles/cmTC_2271b.dir/CheckSymbolExists.cxx.o -c /project/cookiejar/cxxprocessor/build/CMakeFiles/CMakeTmp/CheckSymbolExists.cxx
Linking CXX executable cmTC_2271b
/usr/bin/cmake -E cmake_link_script CMakeFiles/cmTC_2271b.dir/link.txt --verbose=1
/usr/bin/c++        CMakeFiles/cmTC_2271b.dir/CheckSymbolExists.cxx.o  -o cmTC_2271b 
CMakeFiles/cmTC_2271b.dir/CheckSymbolExists.cxx.o: In function `main':
CheckSymbolExists.cxx:(.text+0x16): undefined reference to `pthread_create'
collect2: error: ld returned 1 exit status
CMakeFiles/cmTC_2271b.dir/build.make:97: recipe for target 'cmTC_2271b' failed
make[1]: *** [cmTC_2271b] Error 1
make[1]: Leaving directory '/project/cookiejar/cxxprocessor/build/CMakeFiles/CMakeTmp'
Makefile:126: recipe for target 'cmTC_2271b/fast' failed
make: *** [cmTC_2271b/fast] Error 2

File /project/cookiejar/cxxprocessor/build/CMakeFiles/CMakeTmp/CheckSymbolExists.cxx:
/* */
#include <pthread.h>

int main(int argc, char** argv)
{
  (void)argv;
#ifndef pthread_create
  return ((int*)(&pthread_create))[argc];
#else
  (void)argc;
  return 0;
#endif
}

Determining if the function pthread_create exists in the pthreads failed with the following output:
Change Dir: /project/cookiejar/cxxprocessor/build/CMakeFiles/CMakeTmp

Run Build Command:"/usr/bin/make" "cmTC_7c1d4/fast"
/usr/bin/make -f CMakeFiles/cmTC_7c1d4.dir/build.make CMakeFiles/cmTC_7c1d4.dir/build
make[1]: Entering directory '/project/cookiejar/cxxprocessor/build/CMakeFiles/CMakeTmp'
Building CXX object CMakeFiles/cmTC_7c1d4.dir/CheckFunctionExists.cxx.o
/usr/bin/c++     -DCHECK_FUNCTION_EXISTS=pthread_create   -o CMakeFiles/cmTC_7c1d4.dir/CheckFunctionExists.cxx.o -c /project/cookiejar/cxxprocessor/build/CMakeFiles/CheckLibraryExists/CheckFunctionExists.cxx
Linking CXX executable cmTC_7c1d4
/usr/bin/cmake -E cmake_link_script CMakeFiles/cmTC_7c1d4.dir/link.txt --verbose=1
/usr/bin/c++    -DCHECK_FUNCTION_EXISTS=pthread_create    CMakeFiles/cmTC_7c1d4.dir/CheckFunctionExists.cxx.o  -o cmTC_7c1d4 -lpthreads 
/usr/bin/ld: cannot find -lpthreads
collect2: error: ld returned 1 exit status
CMakeFiles/cmTC_7c1d4.dir/build.make:97: recipe for target 'cmTC_7c1d4' failed
make[1]: *** [cmTC_7c1d4] Error 1
make[1]: Leaving directory '/project/cookiejar/cxxprocessor/build/CMakeFiles/CMakeTmp'
Makefile:126: recipe for target 'cmTC_7c1d4/fast' failed
make: *** [cmTC_7c1d4/fast] Error 2


